["23000",1062,"Duplicate entry 'frank' for key 'phone_ix'"]["23000",1062,"Duplicate entry 'frank' for key 'phone_ix'"]["23000",1062,"Duplicate entry 'frank' for key 'phone_ix'"]["23000",1062,"Duplicate entry 'frank' for key 'phone_ix'"]["23000",1062,"Duplicate entry 'frank' for key 'spellName_ix'"]["00000",null,null]["23000",1062,"Duplicate entry 'frankyu' for key 'phone_ix'"]
["23000",1062,"Duplicate entry 'frankyu' for key 'phone_ix'"]
["42000",1064,"You have an error in your SQL syntax; check the manual that corresponds to your MySQL server version for the right syntax to use near 'set name='frankyu',phone='frankyu',spellName='frankyu'' at line 1"]
["42000",1064,"You have an error in your SQL syntax; check the manual that corresponds to your MySQL server version for the right syntax to use near 'inser into user set name='frankyu',phone='frankyu',spellName='frankyu'' at line 1"]
["42000",1064,"You have an error in your SQL syntax; check the manual that corresponds to your MySQL server version for the right syntax to use near 'inser into user set name='frankyu',phone='frankyu',spellName='frankyu'' at line 1"]
["42000",1064,"You have an error in your SQL syntax; check the manual that corresponds to your MySQL server version for the right syntax to use near 'inser into user set name='frankyu',phone='frankyu',spellName='frankyu'' at line 1"]
["42000",1064,"You have an error in your SQL syntax; check the manual that corresponds to your MySQL server version for the right syntax to use near 'inser into user set name='frankyu',phone='frankyu',spellName='frankyu'' at line 1"]
["42000",1064,"You have an error in your SQL syntax; check the manual that corresponds to your MySQL server version for the right syntax to use near 'inser into user set name='Frank Yu',phone='18676670369',spellName='frankyu'' at line 1"]
["42000",1064,"You have an error in your SQL syntax; check the manual that corresponds to your MySQL server version for the right syntax to use near 'inser into user set name='frankyu',phone='frankyu',spellName='frankyu'' at line 1"]
["42000",1064,"You have an error in your SQL syntax; check the manual that corresponds to your MySQL server version for the right syntax to use near 'inser into user set name='Frank Yu',phone='18676670369',spellName='frankyu'' at line 1"]
["42000",1064,"You have an error in your SQL syntax; check the manual that corresponds to your MySQL server version for the right syntax to use near 'inser into user set name='Frank Yu',phone='18676670369',spellName='frankyu'' at line 1"]
["42000",1064,"You have an error in your SQL syntax; check the manual that corresponds to your MySQL server version for the right syntax to use near 'inser into user set name='Frank Yu',phone='18676670369',spellName='frankyu'' at line 1"]
["00000",null,null]
["23000",1062,"Duplicate entry '18676670369' for key 'phone_ix'"]
["00000",null,null]
["00000",null,null]
["HY093",null,null]
["00000",null,null]
["00000",null,null]
["00000",null,null]
["00000",null,null]
["00000",null,null]
["00000",null,null]
["00000",null,null]
["00000",null,null]
["00000",null,null]
["00000",null,null]
["00000",null,null]
["00000",null,null]
["00000",null,null]
["00000",null,null]
["42000",1064,"You have an error in your SQL syntax; check the manual that corresponds to your MySQL server version for the right syntax to use near 'order by id desc' at line 1"]
["00000",null,null]
["00000",null,null]
["00000",null,null]
["00000",null,null]
["42000",1064,"You have an error in your SQL syntax; check the manual that corresponds to your MySQL server version for the right syntax to use near 'by id desc' at line 1"]
["HY093",null,null]
["00000",null,null]
["00000",null,null]
["HY093",null,null]
["00000",null,null]
["00000",null,null]
["00000",null,null]
["00000",null,null]
["00000",null,null]
["00000",null,null]
["00000",null,null]
["00000",null,null]
["00000",null,null]
["42S22",1054,"Unknown column 'page' in 'where clause'"]
["00000",null,null]
["00000",null,null]
["00000",null,null]
["00000",null,null]
["00000",null,null]
["00000",null,null]
["00000",null,null]
["00000",null,null]
["00000",null,null]
["00000",null,null]
["00000",null,null]
["00000",null,null]
["00000",null,null]
